[    0.000000] Linux version 4.10.0-35-generic (buildd@lcy01-16) (gcc version 6.3.0 20170406 (Ubuntu 6.3.0-12ubuntu2) ) #39-Ubuntu SMP Wed Sep 13 07:46:59 UTC 2017 (Ubuntu 4.10.0-35.39-generic 4.10.17)
[    0.000000] Command line: BOOT_IMAGE=/boot/vmlinuz-4.10.0-35-generic root=UUID=5eaec533-d2cf-4ce3-adbf-d0e8af8901f2 ro console=tty1 console=ttyS0
[    0.000000] KERNEL supported cpus:
[    0.000000]   Intel GenuineIntel
[    0.000000]   AMD AuthenticAMD
[    0.000000]   Centaur CentaurHauls
[    0.000000] x86/fpu: Supporting XSAVE feature 0x001: 'x87 floating point registers'
[    0.000000] x86/fpu: Supporting XSAVE feature 0x002: 'SSE registers'
[    0.000000] x86/fpu: Supporting XSAVE feature 0x004: 'AVX registers'
[    0.000000] x86/fpu: xstate_offset[2]:  576, xstate_sizes[2]:  256
[    0.000000] x86/fpu: Enabled xstate features 0x7, context size is 832 bytes, using 'standard' format.
[    0.000000] e820: BIOS-provided physical RAM map:
[    0.000000] BIOS-e820: [mem 0x0000000000000000-0x000000000009fbff] usable
[    0.000000] BIOS-e820: [mem 0x000000000009fc00-0x000000000009ffff] reserved
[    0.000000] BIOS-e820: [mem 0x00000000000f0000-0x00000000000fffff] reserved
[    0.000000] BIOS-e820: [mem 0x0000000000100000-0x000000007ffeffff] usable
[    0.000000] BIOS-e820: [mem 0x000000007fff0000-0x000000007fffffff] ACPI data
[    0.000000] BIOS-e820: [mem 0x00000000fec00000-0x00000000fec00fff] reserved
[    0.000000] BIOS-e820: [mem 0x00000000fee00000-0x00000000fee00fff] reserved
[    0.000000] BIOS-e820: [mem 0x00000000fffc0000-0x00000000ffffffff] reserved
[    0.000000] NX (Execute Disable) protection: active
[    0.000000] SMBIOS 2.5 present.
[    0.000000] DMI: innotek GmbH VirtualBox/VirtualBox, BIOS VirtualBox 12/01/2006
[    0.000000] Hypervisor detected: KVM
[    0.000000] e820: last_pfn = 0x7fff0 max_arch_pfn = 0x400000000
[    0.000000] MTRR: Disabled
[    0.000000] x86/PAT: MTRRs disabled, skipping PAT initialization too.
[    0.000000] x86/PAT: Configuration [0-7]: WB  WT  UC- UC  WB  WT  UC- UC  
[    0.000000] CPU MTRRs all blank - virtualized system.
[    0.000000] found SMP MP-table at [mem 0x0009fff0-0x0009ffff] mapped at [ffff9ae60009fff0]
[    0.000000] Scanning 1 areas for low memory corruption
[    0.000000] RAMDISK: [mem 0x35fff000-0x36ff6fff]
[    0.000000] ACPI: Early table checksum verification disabled
[    0.000000] ACPI: RSDP 0x00000000000E0000 000024 (v02 VBOX  )
[    0.000000] ACPI: XSDT 0x000000007FFF0030 00003C (v01 VBOX   VBOXXSDT 00000001 ASL  00000061)
[    0.000000] ACPI: FACP 0x000000007FFF00F0 0000F4 (v04 VBOX   VBOXFACP 00000001 ASL  00000061)
[    0.000000] ACPI: DSDT 0x000000007FFF0470 0021C8 (v02 VBOX   VBOXBIOS 00000002 INTL 20100528)
[    0.000000] ACPI: FACS 0x000000007FFF0200 000040
[    0.000000] ACPI: FACS 0x000000007FFF0200 000040
[    0.000000] ACPI: APIC 0x000000007FFF0240 00005C (v02 VBOX   VBOXAPIC 00000001 ASL  00000061)
[    0.000000] ACPI: SSDT 0x000000007FFF02A0 0001CC (v01 VBOX   VBOXCPUT 00000002 INTL 20100528)
[    0.000000] No NUMA configuration found
[    0.000000] Faking a node at [mem 0x0000000000000000-0x000000007ffeffff]
[    0.000000] NODE_DATA(0) allocated [mem 0x7ffc5000-0x7ffeffff]
[    0.000000] kvm-clock: Using msrs 4b564d01 and 4b564d00
[    0.000000] kvm-clock: cpu 0, msr 0:7ff45001, primary cpu clock
[    0.000000] kvm-clock: using sched offset of 4800279521 cycles
[    0.000000] clocksource: kvm-clock: mask: 0xffffffffffffffff max_cycles: 0x1cd42e4dffb, max_idle_ns: 881590591483 ns
[    0.000000] Zone ranges:
[    0.000000]   DMA      [mem 0x0000000000001000-0x0000000000ffffff]
[    0.000000]   DMA32    [mem 0x0000000001000000-0x000000007ffeffff]
[    0.000000]   Normal   empty
[    0.000000]   Device   empty
[    0.000000] Movable zone start for each node
[    0.000000] Early memory node ranges
[    0.000000]   node   0: [mem 0x0000000000001000-0x000000000009efff]
[    0.000000]   node   0: [mem 0x0000000000100000-0x000000007ffeffff]
[    0.000000] Initmem setup node 0 [mem 0x0000000000001000-0x000000007ffeffff]
[    0.000000] ACPI: PM-Timer IO Port: 0x4008
[    0.000000] IOAPIC[0]: apic_id 2, version 32, address 0xfec00000, GSI 0-23
[    0.000000] ACPI: INT_SRC_OVR (bus 0 bus_irq 0 global_irq 2 dfl dfl)
[    0.000000] ACPI: INT_SRC_OVR (bus 0 bus_irq 9 global_irq 9 high level)
[    0.000000] Using ACPI (MADT) for SMP configuration information
[    0.000000] smpboot: Allowing 2 CPUs, 0 hotplug CPUs
[    0.000000] PM: Registered nosave memory: [mem 0x00000000-0x00000fff]
[    0.000000] PM: Registered nosave memory: [mem 0x0009f000-0x0009ffff]
[    0.000000] PM: Registered nosave memory: [mem 0x000a0000-0x000effff]
[    0.000000] PM: Registered nosave memory: [mem 0x000f0000-0x000fffff]
[    0.000000] e820: [mem 0x80000000-0xfebfffff] available for PCI devices
[    0.000000] Booting paravirtualized kernel on KVM
[    0.000000] clocksource: refined-jiffies: mask: 0xffffffff max_cycles: 0xffffffff, max_idle_ns: 7645519600211568 ns
[    0.000000] setup_percpu: NR_CPUS:8192 nr_cpumask_bits:2 nr_cpu_ids:2 nr_node_ids:1
[    0.000000] percpu: Embedded 36 pages/cpu @ffff9ae67fc00000 s107992 r8192 d31272 u1048576
[    0.000000] PV qspinlock hash table entries: 256 (order: 0, 4096 bytes)
[    0.000000] Built 1 zonelists in Node order, mobility grouping on.  Total pages: 515961
[    0.000000] Policy zone: DMA32
[    0.000000] Kernel command line: BOOT_IMAGE=/boot/vmlinuz-4.10.0-35-generic root=UUID=5eaec533-d2cf-4ce3-adbf-d0e8af8901f2 ro console=tty1 console=ttyS0
[    0.000000] PID hash table entries: 4096 (order: 3, 32768 bytes)
[    0.000000] Memory: 2025760K/2096696K available (9091K kernel code, 1667K rwdata, 3820K rodata, 2232K init, 2364K bss, 70936K reserved, 0K cma-reserved)
[    0.000000] SLUB: HWalign=64, Order=0-3, MinObjects=0, CPUs=2, Nodes=1
[    0.000000] Hierarchical RCU implementation.
[    0.000000] 	Build-time adjustment of leaf fanout to 64.
[    0.000000] 	RCU restricting CPUs from NR_CPUS=8192 to nr_cpu_ids=2.
[    0.000000] RCU: Adjusting geometry for rcu_fanout_leaf=64, nr_cpu_ids=2
[    0.000000] NR_IRQS:524544 nr_irqs:440 16
[    0.000000] Console: colour VGA+ 80x25
[    0.000000] console [tty1] enabled
[    0.000000] console [ttyS0] enabled
[    0.000000] tsc: Detected 2394.462 MHz processor
[    5.221912] Calibrating delay loop (skipped) preset value.. 4788.92 BogoMIPS (lpj=9577848)
[    5.231064] pid_max: default: 32768 minimum: 301
[    5.231880] ACPI: Core revision 20160930
[    5.233460] ACPI: 2 ACPI AML tables successfully acquired and loaded
[    5.309171] Security Framework initialized
[    5.373660] Yama: becoming mindful.
[    5.431702] AppArmor: AppArmor initialized
[    5.499187] Dentry cache hash table entries: 262144 (order: 9, 2097152 bytes)
[    5.545420] Inode-cache hash table entries: 131072 (order: 8, 1048576 bytes)
[    5.546672] Mount-cache hash table entries: 4096 (order: 3, 32768 bytes)
[    5.547747] Mountpoint-cache hash table entries: 4096 (order: 3, 32768 bytes)
[    5.549123] CPU: Physical Processor ID: 0
[    5.549860] CPU: Processor Core ID: 0
[    5.550567] mce: CPU supports 0 MCE banks
[    5.551320] Last level iTLB entries: 4KB 64, 2MB 8, 4MB 8
[    5.552219] Last level dTLB entries: 4KB 64, 2MB 0, 4MB 0, 1GB 4
[    5.553316] Freeing SMP alternatives memory: 36K
[    5.555104] ftrace: allocating 34198 entries in 134 pages
[    5.572659] smpboot: Max logical packages: 1
[    5.580416] x2apic enabled
[    5.620099] Switched APIC routing to physical x2apic.
[    5.702465] ..TIMER: vector=0x30 apic1=0 pin1=2 apic2=-1 pin2=-1
[    5.945319] smpboot: CPU0: Intel(R) Core(TM) i7-5500U CPU @ 2.40GHz (family: 0x6, model: 0x3d, stepping: 0x4)
[    6.002364] Performance Events: unsupported p6 CPU model 61 no PMU driver, software events only.
[    6.003894] KVM setup paravirtual spinlock
[    6.065523] smp: Bringing up secondary CPUs ...
[    6.133365] x86: Booting SMP configuration:
[    6.215036] .... node  #0, CPUs:      #1
[    6.215265] kvm-clock: cpu 1, msr 0:7ff45041, secondary cpu clock
[    6.222390] mce: CPU supports 0 MCE banks
[    6.226550] smp: Brought up 1 node, 2 CPUs
[    6.286099] smpboot: Total of 2 processors activated (9577.84 BogoMIPS)
[    6.379039] devtmpfs: initialized
[    6.379762] x86/mm: Memory block size: 128MB
[    6.407173] evm: security.selinux
[    6.407856] evm: security.SMACK64
[    6.408512] evm: security.SMACK64EXEC
[    6.409224] evm: security.SMACK64TRANSMUTE
[    6.409986] evm: security.SMACK64MMAP
[    6.410694] evm: security.ima
[    6.411311] evm: security.capability
[    6.453218] clocksource: jiffies: mask: 0xffffffff max_cycles: 0xffffffff, max_idle_ns: 7645041785100000 ns
[    6.498084] futex hash table entries: 512 (order: 3, 32768 bytes)
[    6.499151] pinctrl core: initialized pinctrl subsystem
[    6.500133] RTC time:  1:18:15, date: 10/06/17
[    6.501041] NET: Registered protocol family 16
[    6.514260] cpuidle: using governor ladder
[    6.610618] cpuidle: using governor menu
[    6.669385] PCCT header not found.
[    6.728457] ACPI: bus type PCI registered
[    6.808219] acpiphp: ACPI Hot Plug PCI Controller Driver version: 0.5
[    6.906025] PCI: Using configuration type 1 for base access
[    6.970768] HugeTLB registered 2 MB page size, pre-allocated 0 pages
[    6.989824] ACPI: Added _OSI(Module Device)
[    7.005926] ACPI: Added _OSI(Processor Device)
[    7.074724] ACPI: Added _OSI(3.0 _SCP Extensions)
[    7.075561] ACPI: Added _OSI(Processor Aggregator Device)
[    7.076717] ACPI: Executed 1 blocks of module-level executable AML code
[    7.101739] ACPI: Interpreter enabled
[    7.102458] ACPI: (supports S0 S5)
[    7.107411] ACPI: Using IOAPIC for interrupt routing
[    7.108439] PCI: Using host bridge windows from ACPI; if necessary, use "pci=nocrs" and report a bug
[    7.113285] ACPI: PCI Root Bridge [PCI0] (domain 0000 [bus 00-ff])
[    7.115461] acpi PNP0A03:00: _OSC: OS supports [ASPM ClockPM Segments MSI]
[    7.116552] acpi PNP0A03:00: _OSC failed (AE_NOT_FOUND); disabling ASPM
[    7.120197] acpi PNP0A03:00: fail to add MMCONFIG information, can't access extended PCI configuration space under this bridge.
[    7.122314] PCI host bridge to bus 0000:00
[    7.125988] pci_bus 0000:00: root bus resource [io  0x0000-0x0cf7 window]
[    7.127091] pci_bus 0000:00: root bus resource [io  0x0d00-0xffff window]
[    7.128180] pci_bus 0000:00: root bus resource [mem 0x000a0000-0x000bffff window]
[    7.129525] pci_bus 0000:00: root bus resource [mem 0x80000000-0xffdfffff window]
[    7.130883] pci_bus 0000:00: root bus resource [bus 00-ff]
[    7.133326] pci 0000:00:01.1: legacy IDE quirk: reg 0x10: [io  0x01f0-0x01f7]
[    7.134452] pci 0000:00:01.1: legacy IDE quirk: reg 0x14: [io  0x03f6]
[    7.136727] pci 0000:00:01.1: legacy IDE quirk: reg 0x18: [io  0x0170-0x0177]
[    7.137835] pci 0000:00:01.1: legacy IDE quirk: reg 0x1c: [io  0x0376]
[    7.228452] pci 0000:00:07.0: quirk: [io  0x4000-0x403f] claimed by PIIX4 ACPI
[    7.339141] pci 0000:00:07.0: quirk: [io  0x4100-0x410f] claimed by PIIX4 SMB
[    7.455770] ACPI: PCI Interrupt Link [LNKA] (IRQs 5 9 10 *11)
[    7.524738] ACPI: PCI Interrupt Link [LNKB] (IRQs 5 9 10 *11)
[    7.614989] ACPI: PCI Interrupt Link [LNKC] (IRQs 5 9 *10 11)
[    7.688278] ACPI: PCI Interrupt Link [LNKD] (IRQs 5 *9 10 11)
[    7.795246] ACPI: Enabled 2 GPEs in block 00 to 07
[    7.870026] SCSI subsystem initialized
[    7.889727] pci 0000:00:02.0: vgaarb: setting as boot VGA device
[    7.907644] pci 0000:00:02.0: vgaarb: VGA device added: decodes=io+mem,owns=io+mem,locks=none
[    7.909184] pci 0000:00:02.0: vgaarb: bridge control possible
[    7.910147] vgaarb: loaded
[    7.912551] ACPI: bus type USB registered
[    7.922869] usbcore: registered new interface driver usbfs
[    7.940927] usbcore: registered new interface driver hub
[    7.950372] usbcore: registered new device driver usb
[    7.998955] PCI: Using ACPI for IRQ routing
[    8.008988] NetLabel: Initializing
[    8.013005] NetLabel:  domain hash size = 128
[    8.069921] NetLabel:  protocols = UNLABELED CIPSOv4 CALIPSO
[    8.142676] NetLabel:  unlabeled traffic allowed by default
[    8.172601] clocksource: Switched to clocksource kvm-clock
[    8.192597] VFS: Disk quotas dquot_6.6.0
[    8.311065] VFS: Dquot-cache hash table entries: 512 (order 0, 4096 bytes)
[    8.489147] AppArmor: AppArmor Filesystem Enabled
[    8.606102] pnp: PnP ACPI init
[    8.681750] pnp: PnP ACPI: found 3 devices
[    8.785726] clocksource: acpi_pm: mask: 0xffffff max_cycles: 0xffffff, max_idle_ns: 2085701024 ns
[    8.999754] NET: Registered protocol family 2
[    9.088673] TCP established hash table entries: 16384 (order: 5, 131072 bytes)
[    9.278192] TCP bind hash table entries: 16384 (order: 6, 262144 bytes)
[    9.420691] TCP: Hash tables configured (established 16384 bind 16384)
[    9.591501] UDP hash table entries: 1024 (order: 3, 32768 bytes)
[    9.635367] UDP-Lite hash table entries: 1024 (order: 3, 32768 bytes)
[    9.645943] NET: Registered protocol family 1
[    9.646740] pci 0000:00:00.0: Limiting direct PCI/PCI transfers
[    9.647736] pci 0000:00:01.0: Activating ISA DMA hang workarounds
[    9.648782] pci 0000:00:02.0: Video device with shadowed ROM at [mem 0x000c0000-0x000dffff]
[    9.654436] Unpacking initramfs...
[    9.995505] Freeing initrd memory: 16352K
[   10.074156] platform rtc_cmos: registered platform RTC device (no PNP device found)
[   10.118429] Scanning for low memory corruption every 60 seconds
[   10.120315] audit: initializing netlink subsys (disabled)
[   10.128171] audit: type=2000 audit(1507252697.502:1): initialized
[   10.128451] Initialise system trusted keyrings
[   10.128546] workingset: timestamp_bits=36 max_order=19 bucket_order=0
[   10.130466] zbud: loaded
[   10.130874] squashfs: version 4.0 (2009/01/31) Phillip Lougher
[   10.131055] fuse init (API version 7.26)
[   10.139940] Key type asymmetric registered
[   10.139941] Asymmetric key parser 'x509' registered
[   10.140012] Block layer SCSI generic (bsg) driver version 0.4 loaded (major 248)
[   10.140035] io scheduler noop registered
[   10.140036] io scheduler deadline registered
[   10.140046] io scheduler cfq registered (default)
[   10.610787] ACPI: AC Adapter [AC] (on-line)
[   10.614502] input: Power Button as /devices/LNXSYSTM:00/LNXPWRBN:00/input/input0
[   10.634051] ACPI: Power Button [PWRF]
[   10.643588] input: Sleep Button as /devices/LNXSYSTM:00/LNXSLPBN:00/input/input1
[   10.678735] ACPI: Sleep Button [SLPF]
[   10.685835] GHES: HEST is not enabled!
[   10.686551] ACPI: Battery Slot [BAT0] (battery present)
[   10.728229] Serial: 8250/16550 driver, 32 ports, IRQ sharing enabled
[   10.756141] 00:02: ttyS0 at I/O 0x3f8 (irq = 4, base_baud = 115200) is a 16550A
[   10.762647] Linux agpgart interface v0.103
[   10.764785] loop: module loaded
[   10.769567] scsi host0: ata_piix
[   10.770327] scsi host1: ata_piix
[   10.771000] ata1: PATA max UDMA/33 cmd 0x1f0 ctl 0x3f6 bmdma 0xd000 irq 14
[   10.773535] ata2: PATA max UDMA/33 cmd 0x170 ctl 0x376 bmdma 0xd008 irq 15
[   10.776693] libphy: Fixed MDIO Bus: probed
[   10.777505] tun: Universal TUN/TAP device driver, 1.6
[   10.778366] tun: (C) 1999-2004 Max Krasnyansky <maxk@qualcomm.com>
[   10.779406] PPP generic driver version 2.4.2
[   10.801535] ehci_hcd: USB 2.0 'Enhanced' Host Controller (EHCI) Driver
[   10.938709] ehci-pci: EHCI PCI platform driver
[   10.973095] ehci-platform: EHCI generic platform driver
[   10.974221] ohci_hcd: USB 1.1 'Open' Host Controller (OHCI) Driver
[   10.975436] ohci-pci: OHCI PCI platform driver
[   10.976396] ohci-platform: OHCI generic platform driver
[   10.978931] uhci_hcd: USB Universal Host Controller Interface driver
[   10.990482] i8042: PNP: PS/2 Controller [PNP0303:PS2K,PNP0f03:PS2M] at 0x60,0x64 irq 1,12
[   10.992437] serio: i8042 KBD port at 0x60,0x64 irq 1
[   10.993371] serio: i8042 AUX port at 0x60,0x64 irq 12
[   10.995821] mousedev: PS/2 mouse device common for all mice
[   10.997192] input: AT Translated Set 2 keyboard as /devices/platform/i8042/serio0/input/input2
[   11.004676] rtc_cmos rtc_cmos: rtc core: registered rtc_cmos as rtc0
[   11.058466] rtc_cmos rtc_cmos: alarms up to one day, 114 bytes nvram
[   11.169314] tsc: Refined TSC clocksource calibration: 2393.957 MHz
[   11.175386] clocksource: tsc: mask: 0xffffffffffffffff max_cycles: 0x2281eade429, max_idle_ns: 440795307815 ns
[   11.175443] i2c /dev entries driver
[   11.175532] device-mapper: uevent: version 1.0.3
[   11.175629] device-mapper: ioctl: 4.35.0-ioctl (2016-06-23) initialised: dm-devel@redhat.com
[   11.425904] ledtrig-cpu: registered to indicate activity on CPUs
[   11.431584] NET: Registered protocol family 10
[   11.434945] Segment Routing with IPv6
[   11.436862] NET: Registered protocol family 17
[   11.438965] Key type dns_resolver registered
[   11.442381] registered taskstats version 1
[   11.443149] Loading compiled-in X.509 certificates
[   11.446046] Loaded X.509 cert 'Build time autogenerated kernel key: 44f20f5f04049cb3cdfa78390d63fc0732e43e8e'
[   11.451185] zswap: loaded using pool lzo/zbud
[   11.462400] Key type big_key registered
[   11.464761] Key type trusted registered
[   11.468051] Key type encrypted registered
[   11.470674] AppArmor: AppArmor sha1 policy hashing enabled
[   11.471660] ima: No TPM chip found, activating TPM-bypass! (rc=-19)
[   11.472724] evm: HMAC attrs: 0x1
[   11.474640]   Magic number: 5:847:305
[   11.475359] tty tty34: hash matches
[   11.476110] rtc_cmos rtc_cmos: setting system clock to 2017-10-06 01:18:20 UTC (1507252700)
[   11.591936] BIOS EDD facility v0.16 2004-Jun-25, 0 devices found
[   11.622376] EDD information not available.
[   11.625031] Freeing unused kernel memory: 2232K
[   11.696960] Write protecting the kernel read-only data: 14336k
[   11.764341] Freeing unused kernel memory: 1132K
[   11.855976] Freeing unused kernel memory: 276K
[   11.939544] x86/mm: Checked W+X mappings: passed, no W+X pages found.
Loading, please wait...
startin[   12.129224] random: systemd-udevd: uninitialized urandom read (16 bytes read)
g version 232
[   12.211387] random: systemd-udevd: uninitialized urandom read (16 bytes read)
[   12.212508] random: udevadm: uninitialized urandom read (16 bytes read)
[   12.212547] random: udevadm: uninitialized urandom read (16 bytes read)
[   12.213296] random: udevadm: uninitialized urandom read (16 bytes read)
[   12.213362] random: udevadm: uninitialized urandom read (16 bytes read)
[   12.213381] random: udevadm: uninitialized urandom read (16 bytes read)
[   12.213623] random: udevadm: uninitialized urandom read (16 bytes read)
[   12.213683] random: udevadm: uninitialized urandom read (16 bytes read)
[   12.213740] random: udevadm: uninitialized urandom read (16 bytes read)
[   12.284574] e1000: Intel(R) PRO/1000 Network Driver - version 7.3.21-k8-NAPI
[   12.289141] e1000: Copyright (c) 1999-2006 Intel Corporation.
[   12.332648] Fusion MPT base driver 3.04.20
[   12.376557] Copyright (c) 1999-2008 LSI Corporation
[   12.385769] Fusion MPT SPI Host driver 3.04.20
[   12.420259] AVX version of gcm_enc/dec engaged.
[   12.426575] AES CTR mode by8 optimization enabled
[   12.602792] input: ImExPS/2 Generic Explorer Mouse as /devices/platform/i8042/serio1/input/input4
[   12.733639] e1000 0000:00:03.0 eth0: (PCI:33MHz:32-bit) 02:12:b2:43:9b:15
[   12.857047] e1000 0000:00:03.0 eth0: Intel(R) PRO/1000 Network Connection
[   12.970691] mptbase: ioc0: Initiating bringup
[   12.971096] e1000 0000:00:03.0 enp0s3: renamed from eth0
[   13.222227] ioc0: LSI53C1030 A0: Capabilities={Initiator}
[   13.507516] scsi host2: ioc0: LSI53C1030 A0, FwRev=00000000h, Ports=1, MaxQ=256, IRQ=20
[   13.858540] scsi 2:0:0:0: Direct-Access     VBOX     HARDDISK         1.0  PQ: 0 ANSI: 5
[   13.983385] scsi target2:0:0: Beginning Domain Validation
[   14.095846] scsi target2:0:0: Domain Validation skipping write tests
[   14.100283] scsi target2:0:0: Ending Domain Validation
[   14.129879] scsi target2:0:0: asynchronous
[   14.245724] scsi 2:0:1:0: Direct-Access     VBOX     HARDDISK         1.0  PQ: 0 ANSI: 5
[   14.315004] scsi target2:0:1: Beginning Domain Validation
[   14.319072] scsi target2:0:1: Domain Validation skipping write tests
[   14.332542] scsi target2:0:1: Ending Domain Validation
[   14.335126] scsi target2:0:1: asynchronous
[   14.354558] random: fast init done
[   14.388477] sd 2:0:0:0: Attached scsi generic sg0 type 0
[   14.406686] sd 2:0:0:0: [sda] 20971520 512-byte logical blocks: (10.7 GB/10.0 GiB)
[   14.425556] sd 2:0:1:0: Attached scsi generic sg1 type 0
[   14.425810] sd 2:0:1:0: [sdb] 20480 512-byte logical blocks: (10.5 MB/10.0 MiB)
[   14.425846] sd 2:0:1:0: [sdb] Write Protect is off
[   14.425916] sd 2:0:1:0: [sdb] Incomplete mode parameter data
[   14.425917] sd 2:0:1:0: [sdb] Assuming drive cache: write through
[   14.437633] sd 2:0:0:0: [sda] Write Protect is off
[   14.437737] sd 2:0:0:0: [sda] Incomplete mode parameter data
[   14.437739] sd 2:0:0:0: [sda] Assuming drive cache: write through
[   14.455725]  sda: sda1
[   14.456656] sd 2:0:0:0: [sda] Attached SCSI disk
[   14.468353] sd 2:0:1:0: [sdb] Attached SCSI disk
[   15.677664] floppy0: no floppy controllers found
Begin: Loading essential drivers ... [   17.208609] raid6: sse2x1   gen()  8864 MB/s
[   17.332935] raid6: sse2x1   xor()  6596 MB/s
[   17.473107] raid6: sse2x2   gen() 11091 MB/s
[   17.581019] raid6: sse2x2   xor()  7273 MB/s
[   17.637123] raid6: sse2x4   gen() 11298 MB/s
[   17.685021] raid6: sse2x4   xor()  8089 MB/s
[   17.780872] raid6: using algorithm sse2x4 gen() 11298 MB/s
[   17.874822] raid6: .... xor() 8089 MB/s, rmw enabled
[   17.927125] raid6: using ssse3x2 recovery algorithm
[   17.929466] xor: automatically using best checksumming function   avx       
[   18.039389] async_tx: api initialized (async)
done.
Begin: Running /scripts/init-p[   18.144773] Btrfs loaded, crc32c=crc32c-intel
remount ... done.
Begin: Mounting root file system ... Begin: Running /scripts/local-top ... done.
Begin: Running /scripts/local-premount ... Scanning for Btrfs filesystems
done.
Warning: fsck not present, so skipping root file system
[   18.341819] EXT4-fs (sda1): mounted filesystem with ordered data mode. Opts: (null)
done.
Begin: Running /scripts/local-bottom ... done.
Begin: Running /scripts/init-bottom ... done.
[   20.098292] random: crng init done
[   20.714280] ip_tables: (C) 2000-2006 Netfilter Core Team
[   20.982537] systemd[1]: systemd 232 running in system mode. (+PAM +AUDIT +SELINUX +IMA +APPARMOR +SMACK +SYSVINIT +UTMP +LIBCRYPTSETUP +GCRYPT +GNUTLS +ACL +XZ +LZ4 +SECCOMP +BLKID +ELFUTILS +KMOD +IDN)
[   21.459169] systemd[1]: Detected virtualization oracle.
[   21.579950] systemd[1]: Detected architecture x86-64.

Welcome to [1mUbuntu 17.04[0m!

[   21.838488] systemd[1]: Set hostname to <dev-box>.
[   24.122237] systemd[1]: Reached target User and Group Name Lookups.
[[0;32m  OK  [0m] Reached target User and Group Name Lookups.
[   24.173281] systemd[1]: Listening on Journal Socket (/dev/log).
[[0;32m  OK  [0m] Listening on Journal Socket (/dev/log).
[   24.208806] systemd[1]: Listening on Journal Audit Socket.
[[0;32m  OK  [0m] Listening on Journal Audit Socket.
[   24.326812] systemd[1]: Created slice User and Session Slice.
[[0;32m  OK  [0m] Created slice User and Session Slice.
[   24.501034] systemd[1]: Listening on LVM2 poll daemon socket.
[[0;32m  OK  [0m] Listening on LVM2 poll daemon socket.
[   24.676733] systemd[1]: Started Forward Password Requests to Wall Directory Watch.
[[0;32m  OK  [0m] Started Forward Password Requests to Wall Directory Watch.
[[0;32m  OK  [0m] Set up automount Arbitrary Executab…rmats File System Automount Point.
[[0;32m  OK  [0m] Listening on Device-mapper event daemon FIFOs.
[[0;32m  OK  [0m] Created slice System Slice.
[[0;32m  OK  [0m] Reached target Slices.
[[0;32m  OK  [0m] Created slice system-serial\x2dgetty.slice.
         Mounting Debug File System...
         Mounting POSIX Message Queue File System...
[[0;32m  OK  [0m] Listening on Journal Socket.
         Starting Load Kernel Modules...
         Starting Create list of required st…ce nodes for the current kernel...
         Starting Remount Root and Kernel File Systems...
[   25.374934] Loading iSCSI transport class v2.0-870.
[[0;32m  OK  [0m] Listening on /dev/initctl Compatibility Named Pipe.
         Starting Set the console keyboard layout...
[[0;32m  OK  [0m] Listening on udev Control Socket.
[[0;32m  OK  [0m] Listening on udev Kernel Socket.
         Mounting Huge Pages File System...
[[0;32m  OK  [0m] Listening on LVM2 metadata daemon socket.
[   25.667696] iscsi: registered transport (tcp)
         Starting Nameserver information manager...
[[0;32m  OK  [0m] Listening on Syslog Socket.
         Starting Journal Service...
         Starting Uncomplicated firewall...
         Starting Monitor[   25.764495] EXT4-fs (sda1): re-mounted. Opts: (null)
ing of LVM2 mirrors…ng dmeventd or progress polling...
[[0;32m  OK  [0m] Created slice system-postgresql.slice.
[[0;32m  OK  [0m] Mounted Huge Pages File System.
[[0;32m  OK  [0m] Mounted Debug File System.
[[0;32m  OK  [0m] Mounted POSIX Message Queue File System.
[   25.988941] systemd[1]: Started Journal Service.
[[0;32m  OK  [0m] Started Journal Service.
[[0;32m  OK  [0m] Started Create list of required sta…vice nodes for the current kernel.
[[0;32m  OK  [0[   26.205553] iscsi: registered transport (iser)
m] Started Remount Root and Kernel File Systems.
[[0;32m  OK  [0m] Started Load Kernel Modules.
[[0;32m  OK  [0m] Started Uncomplicated firewall.
         Mounting FUSE Control File System...
         Mounting Configuration File System...
         Starting Apply Kernel Variables...
         Activating swap /swapfile...
         Starting Initial cloud-init job (pre-networking)...
         Starting Load/Save Random Seed...
         Starting udev Coldplug all Devices...
         Starting Create Static Device Nodes in /dev...
         Starting Flush Journal to Persistent Storage...
[[0;32m  OK  [0m] Mounted FUSE Control File System.
[[0;32m  OK  [0m] Mounted Configuration File System.
[[0;32m  OK  [0m] Activated swap /swapfile.
[[0;32m  OK  [0m] Started Nameserver information manager.
[[0;32m  OK  [0m] Started Apply Kernel Variables.
[[0;32m  OK  [0m] Started Load/Save Random Seed.
[[0;32m  OK  [0m] Started LVM2 metadata daemon.
[[0;32m  OK  [0m] Reached target Swap.
[[0;32m  OK  [0m] Started udev Coldplug all Devices.
[[0;32m  OK  [0m] Started Flush Journal to Persistent Storage.
[[0;32m  OK  [0m] Started Create Static Device Nodes in /dev.
         Starting udev Kernel Device Manager...
[[0;32m  OK  [0m] Started Monitoring of LVM2 mirrors,…sing dmeventd or progress polling.
[[0;32m  OK  [0m] Started udev Kernel Device Manager.
[[0;32m  OK  [0m] Found device /dev/ttyS0.
[[0;32m  OK  [0m] Found device 82540EM Gigabit Ethern…ler (PRO/1000 MT Desktop Adapter).
[[0;32m  OK  [0m] Listening on Load/Save RF Kill Switch Status /dev/rfkill Watch.
[[0;32m  OK  [0m] Started Set the console keyboard layout.
[[0;32m  OK  [0m] Reached target Local File Systems (Pre).
[[0;32m  OK  [0m] Reached target Local File Systems.
         Starting AppArmor initialization...
         Starting ebtables ruleset management...
         Starting Create Volatile Files and Directories...
         Starting Set console font and keymap...
         Starting Tell Plymouth To Write Out Runtime Data...
[[0;32m  OK  [0m] Started Dispatch Password Requests to Console Directory Watch.
[[0;32m  OK  [0m] Reached target Encrypted Volumes.
[[0;32m  OK  [0m] Started Tell Plymouth To Write Out Runtime Data.
[[0;32m  OK  [0m] Started Set console font and keymap.
[[0;32m  OK  [0m] Started Create Volatile Files and Directories.
[[0;32m  OK  [0m] Started ebtables ruleset management.
[[0;32m  OK  [0m] Reached target System Time Synchronized.
         Starting Update UTMP about System Boot/Shutdown...
[[0;32m  OK  [0m] Started Update UTMP about System Boot/Shutdown.
[[0;32m  OK  [0m] Started AppArmor initialization.
[   36.644797] cloud-init[465]: Cloud-init v. 0.7.9 running 'init-local' at Fri, 06 Oct 2017 01:18:51 +0000. Up 34.99 seconds.
[[0;32m  OK  [0m] Started Initial cloud-init job (pre-networking).
[[0;32m  OK  [0m] Reached target Network (Pre).
[[0;32m  OK  [0m] Started ifup for enp0s3.
         Starting Raise network interfaces...
[[0;32m  OK  [0m] Started Raise network interfaces.
         Starting Initial cloud-init job (metadata service crawler)...
[[0;32m  OK  [0m] Reached target Network.
[   42.657262] cloud-init[1219]: Cloud-init v. 0.7.9 running 'init' at Fri, 06 Oct 2017 01:18:55 +0000. Up 38.96 seconds.
[   42.696767] cloud-init[1219]: ci-info: +++++++++++++++++++++++++++++Net device info++++++++++++++++++++++++++++++
[   42.708879] cloud-init[1219]: ci-info: +---------+------+-----------+---------------+-------+-------------------+
[   42.719398] cloud-init[1219]: ci-info: |  Device |  Up  |  Address  |      Mask     | Scope |     Hw-Address    |
[[0;32m  OK  [0m] Started Initial cloud-init job (metadata service crawler).
[[0;32m  OK  [0m] Reached target Cloud-config availability.
[[0;32m  OK  [0m] Reached target System Initialization.
         Starting Socket activation for snappy daemon.
[   42.743014] cloud-init[1219]: ci-info: +---------+------+-----------+---------------+-------+-------------------+
[   42.783340] cloud-init[1219]: ci-info: |   lo:   | True | 127.0.0.1 |   255.0.0.0   |   .   |         .         |
[[   42.821533] cloud-init[1219]: ci-info: |   lo:   | True |     .     |       .       |   d   |         .         |
[0;32m  OK  [0m] Started Timer to automatically fetch and run repair assertions.
[   42.822370] [cloud-init[0;32m  OK  [0m[1219]: ] ci-info: | enp0s3: | True | 10.0.2.15 | 255.255.255.0 |   .   | 02:12:b2:43:9b:15 |Listening on D-Bus System Message Bus Socket.

[   42.885139] cloud-init[1219]: ci-info: | enp0s3: | True |     .     |       .       |   d   | 02:12:b2:43:9b:15 |
[[0;32m  OK  [0m] [   42.928177] cloud-init[1219]: ci-info: +---------+------+-----------+---------------+-------+-------------------+
[   42.929110] cloud-init[1219]: ci-info: +++++++++++++++++++++++++++Route IPv4 info++++++++++++++++++++++++++++
[   42.929159] cloud-init[1219]: ci-info: +-------+-------------+----------+---------------+-----------+-------+
[   42.929202] cloud-init[1219]: ci-info: | Route | Destination | Gateway  |    Genmask    | Interface | Flags |
[   42.929245] cloud-init[1219]: ci-info: +-------+-------------+----------+---------------+-----------+-------+
[   42.929287] cloud-init[1219]: ci-info: |   0   |   0.0.0.0   | 10.0.2.2 |    0.0.0.0    |   enp0s3  |   UG  |
[   42.929329] cloud-init[1219]: ci-info: |   1   |   10.0.2.0  | 0.0.0.0  | 255.255.255.0 |   enp0s3  |   U   |
[   42.929371] cloud-init[1219]: ci-info: +-------+-------------+----------+---------------+-----------+-------+
Started ACPI Events Check.
[[0;32m  OK  [0m] Reached target Paths.
[[0;32m  OK  [0m] Listening on UUID daemon activation socket.
[[0;32m  OK  [0m] Started Message of the Day.
[[0;32m  OK  [0m] Listening on ACPID Listen Socket.
         Starting LXD - unix socket.
[[0;32m  OK  [0m] Started Daily Cleanup of Temporary Directories.
[[0;32m  OK  [0m] Started Timer to automatically refresh installed snaps.
[[0;32m  OK  [0m] Listening on Socket activation for snappy daemon.
[[0;32m  OK  [0m] Listening on LXD - unix socket.
[[0;32m  OK  [0m] Reached target Sockets.
[[0;32m  OK  [0m] Reached target Basic System.
         Starting Login Service...
[[0;32m  OK  [0m] Started FUSE filesystem for LXC.
         Starting LSB: Record successful boot for GRUB...
[[0;32m  OK  [0m] Started Deferred execution scheduler.
[[0;32m  OK  [0m] Started Regular background program processing daemon.
         Starting RabbitMQ Messaging Server...
         Starting Network Name Resolution...
[[0;32m  OK  [0m] Started ACPI event daemon.
         Starting LXD - container startup/shutdown...
         Starting Accounts Service...
         Starting Snappy daemon...
[[0;32m  OK  [0m] Started D-Bus System Message Bus.
         Starting PostgreSQL Cluster 9.6-main...
[[0;32m  OK  [0m] Started memcached daemon.
         Starting Advanced key-value store...
         Starting System Logging Service...
[[0;32m  OK  [0m] Started Unattended Upgrades Shutdown.
[[0;32m  OK  [0m] Started Login Service.
[[0;32m  OK  [0m] Started Network Name Resolution.
[[0;32m  OK  [0m] Reached target Network is Online.
         Starting Apply the settings specified in cloud-config...
         Starting OpenBSD Secure Shell server...
         Starting iSCSI initiator daemon (iscsid)...
[[0;32m  OK  [0m] Started Daily apt download activities.
[[0;32m  OK  [0m] Started Daily apt upgrade and clean activities.
[[0;32m  OK  [0m] Reached target Timers.
[[0;32m  OK  [0m] Started System Logging Service.
[[0;32m  OK  [0m] Started LSB: Record successful boot for GRUB.
         Starting Authorization Manager...
[   64.138305] cloud-init[1780]: Cloud-init v. 0.7.9 running 'modules:config' at Fri, 06 Oct 2017 01:19:13 +0000. Up 56.77 seconds.
[[0;32m  OK  [0m] Started Apply the settings specified in cloud-config.
[[0;32m  OK  [0m] Started iSCSI initiator daemon (iscsid).
         Starting Login to default iSCSI targets...
[[0;32m  OK  [0m] Started Authorization Manager.
[[0;32m  OK  [0m] Started Accounts Service.
[[0;32m  OK  [0m] Started Login to default iSCSI targets.
[[0;32m  OK  [0m] Reached target Remote File Systems (Pre).
[[0;32m  OK  [0m] Reached target Remote File Systems.
         Starting LSB: daemon to balance interrupts for SMP systems...
         Starting LSB: automatic crash report generation...
         Starting LSB: VirtualBox Linux Additions...
         Starting Permit User Sessions...
         Starting LSB: Start/stop sysstat's sadc...
[[0;32m  OK  [0m] Started Advanced key-value store.
[[0;32m  OK  [0m] Started Snappy daemon.
         Starting Auto import assertions from block devices...
[[0;32m  OK  [0m] Started Auto import assertions from block devices.
[[0;32m  OK  [0m] Started Permit User Sessions.
         Starting Terminate Plymouth Boot Screen...
         Starting Hold until boot process finishes up...
[[0;32m  OK  [0m] Started Terminate Plymouth Boot Screen.
[[0;32m  OK  [0m] Started Hold until boot process finishes up.
[[0;32m  OK  [0m] Started Serial Getty on ttyS0.
         Starting Set console scheme...
[[0;32m  OK  [0m] Started LSB: Start/stop sysstat's sadc.
[[0;32m  OK  [0m] Started Set console scheme.
[[0;32m  OK  [0m] Created slice system-getty.slice.
[[0;32m  OK  [0m] Started Getty on tty1.
[[0;32m  OK  [0m] Reached target Login Prompts.
[[0;32m  OK  [0m] Started LSB: daemon to balance interrupts for SMP systems.
[[0;32m  OK  [0m] Started LSB: automatic crash report generation.
[[0;32m  OK  [0m] Started OpenBSD Secure Shell server.
[[0;1;31mFAILED[0m] Failed to start LXD - container startup/shutdown.
See 'systemctl status lxd-containers.service' for details.
[[0;32m  OK  [0m] Started LSB: VirtualBox Linux Additions.

Ubuntu 17.04 dev-box ttyS0

dev-box login: [   96.342315] cloud-init[2331]: Cloud-init v. 0.7.9 running 'modules:final' at Fri, 06 Oct 2017 01:19:52 +0000. Up 96.05 seconds.
[   96.342822] cloud-init[2331]: Cloud-init v. 0.7.9 finished at Fri, 06 Oct 2017 01:19:53 +0000. Datasource DataSourceNoCloud [seed=/dev/sdb][dsmode=net].  Up 96.33 seconds
         Stopping Authorization Manager...
[[0;32m  OK  [0m] Closed Load/Save RF Kill Switch Status /dev/rfkill Watch.
[[0;32m  OK  [0m] Stopped target Cloud-init target.
[[0;32m  OK  [0m] Stopped target Graphical Interface.
         Stopping Accounts Service...
[[0;32m  OK  [0m] Stopped target Timers.
[[0;32m  OK  [0m] Stopped Message of the Day.
[[0;32m  OK  [0m] Stopped Timer to automatically fetch and run repair assertions.
         Stopping User Manager for UID 1000...
[[0;[[0;32m  OK  [0m] Stopped Regular background program processing daemon.
[[0;32m  OK  [0m] Stopped Deferred execution scheduler.
[[0;32m  OK  [0m] Stopped ACPI event daemon.
[[0;32m  OK  [0m] Stopped Accounts Service.
[[0;32m  OK  [0m] Stopped Snappy daemon.
[[0;32m  OK  [0m] Stopped memcached daemon.
[[0;32m  OK  [0m] Stopped System Logging Service.
[[0;32m  OK  [0m] Stopped OpenBSD Secure Shell server.
[[0;32m  OK  [0m] Stopped Authorization Manager.
[[0;32m  OK  [0m] Stopped Serial Getty on ttyS0.
[[0;32m  OK  [0m] Stopped Getty on tty1.
[[0;32m  OK  [0m] Stopped User Manager for UID 1000.
[[0;32m  OK  [0m] Stopped Session 1 of user ubuntu.
[[0;32m  OK  [0m] Stopped D-Bus System Message Bus.
[[0;32m  OK  [0m] Stopped Unattended Upgrades Shutdown.
[[0;32m  OK  [0m] Stopped FUSE filesystem for LXC.
[[0;32m  OK  [0m] Unmounted /var/lib/lxcfs.
[[0;32m  OK  [0m] Stopped LSB: Start/stop sysstat's sadc.
[[0;32m  OK  [0m] Stopped LSB: VirtualBox Linux Additions.
[[0;32m  OK  [0m] Stopped LSB: daemon to balance interrupts for SMP systems.
[[0;32m  OK  [0m] Removed slice User Slice of ubuntu.
         Stopping Login Service...
[[0;32m  OK  [0m] Removed slice system-getty.slice.
[[0;32m  OK  [0m] Removed slice system-serial\x2dgetty.slice.
         Stopping Permit User Sessions...
[[0;32m  OK  [0m] Stopped Login Service.
[[0;32m  OK  [0m] Stopped LSB: Record successful boot for GRUB.
[[0;32m  OK  [0m] Stopped LSB: automatic crash report generation.
[[0;32m  OK  [0m] Stopped Advanced key-value store.
[[0;32m  OK  [0m] Stopped Permit User Sessions.
[[0;32m  OK  [0m] Stopped target Remote File Systems.
[[0;32m  OK  [0m] Stopped target Remote File Systems (Pre).
         Stopping Login to default iSCSI targets...
[[0;32m  OK  [0m] Stopped target User and Group Name Lookups.
[[0;32m  OK  [0m] Stopped RabbitMQ Messaging Server.
[[0;32m  OK  [0m] Stopped PostgreSQL Cluster 9.6-main.
[[0;32m  OK  [0m] Removed slice system-postgresql.slice.
[[0;32m  OK  [0m] Stopped Login to default iSCSI targets.
         Stopping iSCSI initiator daemon (iscsid)...
[[0;32m  OK  [0m] Stopped iSCSI initiator daemon (iscsid).
[[0;32m  OK  [0m] Stopped target Network is Online.
         Stopping Network Name Resolution...
[[0;32m  OK  [0m] Stopped Network Name Resolution.
[[0;32m  OK  [0m] Stopped target Network.
         Stopping ifup for enp0s3...
[[0;32m  OK  [0m] Stopped target Basic System.
[[0;32m  OK  [0m] Stopped target Sockets.
[[0;32m  OK  [0m] Closed Socket activation for snappy daemon.
[[0;32m  OK  [0m] Closed D-Bus System Message Bus Socket.
[[0;32m  OK  [0m] Closed Syslog Socket.
[[0;32m  OK  [0m] Closed ACPID Listen Socket.
[[0;32m  OK  [0m] Closed UUID daemon activation socket.
[[0;32m  OK  [0m] Closed LXD - unix socket.
[[0;32m  OK  [0m] Stopped target Slices.
[[0;32m  OK  [0m] Removed slice User and Session Slice.
[[0;32m  OK  [0m] Stopped target Paths.
[[0;32m  OK  [0m] Stopped ACPI Events Check.
[[0;32m  OK  [0m] Stopped target System Initialization.
         Stopping Update UTMP about System Boot/Shutdown...
[[0;32m  OK  [0m] Stopped target Encrypted Volumes.
[[0;32m  OK  [0m] Stopped Forward Password Requests to Wall Directory Watch.
[[0;32m  OK  [0m] Stopped Dispatch Password Requests to Console Directory Watch.
[[0;32m  OK  [0m] Stopped target Swap.
         Deactivating swap /swapfile...
         Stopping Load/Save Random Seed...
[[0;32m  OK  [0m] Stopped Initial cloud-init job (metadata service crawler).
         Stopping Raise network interfaces...
[[0;32m  OK  [0m] Deactivated swap /swapfile.
[[0;32m  OK  [0m] Stopped Load/Save Random Seed.
[[0;32m  OK  [0m] Stopped Update UTMP about System Boot/Shutdown.
[[0;32m  OK  [0m] Stopped Create Volatile Files and Directories.
[[0;32m  OK  [0m] Stopped Raise network interfaces.
[[0;32m  OK  [0m] Stopped ifup for enp0s3.
[[0;32m  OK  [0m] Stopped target Local File Systems.
         Unmounting /run/user/1000...
[[0;32m  OK  [0m] Stopped Apply Kernel Variables.
[[0;32m  OK  [0m] Stopped Load Kernel Modules.
[[0;32m  OK  [0m] Stopped target Network (Pre).
[[0;32m  OK  [0m] Stopped Initial cloud-init job (pre-networking).
[[0;32m  OK  [0m] Unmounted /run/user/1000.
[[0;32m  OK  [0m] Reached target Unmount All Filesystems.
[[0;32m  OK  [0m] Stopped target Local File Systems (Pre).
[[0;32m  OK  [0m] Stopped Create Static Device Nodes in /dev.
         Stopping Monitoring of LVM2 mirrors…ng dmeventd or progress polling...
[[0;32m  OK  [0m] Stopped Remount Root and Kernel File Systems.
[[0;32m  OK  [0m] Reached target Shutdown.
[  155.962296] reboot: Power down
